2020-03-11 09:10:52.025  INFO 16984 --- [restartedMain] com.isoft.jhipster.uaa.UaaApp            : The following profiles are active: dev,swagger
2020-03-11 09:10:59.682 DEBUG 16984 --- [restartedMain] c.i.j.uaa.config.AsyncConfiguration      : Creating Async Task Executor
2020-03-11 09:11:00.849 DEBUG 16984 --- [restartedMain] c.i.j.uaa.config.MetricsConfiguration    : Registering JVM gauges
2020-03-11 09:11:00.873 DEBUG 16984 --- [restartedMain] c.i.j.uaa.config.MetricsConfiguration    : Monitoring the datasource
2020-03-11 09:11:00.879 DEBUG 16984 --- [restartedMain] c.i.j.uaa.config.MetricsConfiguration    : Initializing Metrics JMX reporting
2020-03-11 09:11:06.075 DEBUG 16984 --- [restartedMain] c.i.j.uaa.config.CacheConfiguration      : Configuring Hazelcast
2020-03-11 09:11:06.184 DEBUG 16984 --- [restartedMain] c.i.j.uaa.config.CacheConfiguration      : Configuring Hazelcast clustering for instanceId: uaa
2020-03-11 09:11:06.186 DEBUG 16984 --- [restartedMain] c.i.j.uaa.config.CacheConfiguration      : Application is running with the "dev" profile, Hazelcast cluster will only work with localhost instances
2020-03-11 09:11:06.368  INFO 16984 --- [restartedMain] com.netflix.discovery.DiscoveryClient    : Initializing Eureka in region us-east-1
2020-03-11 09:11:06.866  INFO 16984 --- [restartedMain] c.n.d.provider.DiscoveryJerseyProvider   : Using JSON encoding codec LegacyJacksonJson
2020-03-11 09:11:06.867  INFO 16984 --- [restartedMain] c.n.d.provider.DiscoveryJerseyProvider   : Using JSON decoding codec LegacyJacksonJson
2020-03-11 09:11:07.051  INFO 16984 --- [restartedMain] c.n.d.provider.DiscoveryJerseyProvider   : Using XML encoding codec XStreamXml
2020-03-11 09:11:07.052  INFO 16984 --- [restartedMain] c.n.d.provider.DiscoveryJerseyProvider   : Using XML decoding codec XStreamXml
2020-03-11 09:11:07.447  INFO 16984 --- [restartedMain] c.n.d.s.r.aws.ConfigClusterResolver      : Resolving eureka endpoints via configuration
2020-03-11 09:11:07.729  INFO 16984 --- [restartedMain] com.netflix.discovery.DiscoveryClient    : Disable delta property : false
2020-03-11 09:11:07.729  INFO 16984 --- [restartedMain] com.netflix.discovery.DiscoveryClient    : Single vip registry refresh property : null
2020-03-11 09:11:07.729  INFO 16984 --- [restartedMain] com.netflix.discovery.DiscoveryClient    : Force full registry fetch : false
2020-03-11 09:11:07.729  INFO 16984 --- [restartedMain] com.netflix.discovery.DiscoveryClient    : Application is null : false
2020-03-11 09:11:07.729  INFO 16984 --- [restartedMain] com.netflix.discovery.DiscoveryClient    : Registered Applications size is zero : true
2020-03-11 09:11:07.729  INFO 16984 --- [restartedMain] com.netflix.discovery.DiscoveryClient    : Application version is -1: true
2020-03-11 09:11:07.729  INFO 16984 --- [restartedMain] com.netflix.discovery.DiscoveryClient    : Getting all instance registry info from the eureka server
2020-03-11 09:11:08.097  INFO 16984 --- [restartedMain] com.netflix.discovery.DiscoveryClient    : The response status is 200
2020-03-11 09:11:08.104  INFO 16984 --- [restartedMain] com.netflix.discovery.DiscoveryClient    : Starting heartbeat executor: renew interval is: 5
2020-03-11 09:11:08.110  INFO 16984 --- [restartedMain] c.n.discovery.InstanceInfoReplicator     : InstanceInfoReplicator onDemand update allowed rate per min is 12
2020-03-11 09:11:08.120  INFO 16984 --- [restartedMain] com.netflix.discovery.DiscoveryClient    : Discovery Client initialized at timestamp 1583910668118 with initial instances count: 1
2020-03-11 09:11:08.263  INFO 16984 --- [restartedMain] com.hazelcast.instance.AddressPicker     : [LOCAL] [dev] [3.9.4] Picked [127.0.0.1]:15700, using socket ServerSocket[addr=/0:0:0:0:0:0:0:0,localport=15700], bind any local is true
2020-03-11 09:11:08.278  INFO 16984 --- [restartedMain] com.hazelcast.system                     : [127.0.0.1]:15700 [dev] [3.9.4] Hazelcast 3.9.4 (20180420 - b8001d5) starting at [127.0.0.1]:15700
2020-03-11 09:11:08.278  INFO 16984 --- [restartedMain] com.hazelcast.system                     : [127.0.0.1]:15700 [dev] [3.9.4] Copyright (c) 2008-2018, Hazelcast, Inc. All Rights Reserved.
2020-03-11 09:11:08.279  INFO 16984 --- [restartedMain] com.hazelcast.system                     : [127.0.0.1]:15700 [dev] [3.9.4] Configured Hazelcast Serialization version: 1
2020-03-11 09:11:08.748  INFO 16984 --- [restartedMain] c.h.s.i.o.impl.BackpressureRegulator     : [127.0.0.1]:15700 [dev] [3.9.4] Backpressure is disabled
2020-03-11 09:11:09.866  INFO 16984 --- [restartedMain] com.hazelcast.instance.Node              : [127.0.0.1]:15700 [dev] [3.9.4] Creating TcpIpJoiner
2020-03-11 09:11:10.103  INFO 16984 --- [restartedMain] c.h.s.i.o.impl.OperationExecutorImpl     : [127.0.0.1]:15700 [dev] [3.9.4] Starting 4 partition threads and 3 generic threads (1 dedicated for priority tasks)
2020-03-11 09:11:10.105  INFO 16984 --- [restartedMain] c.h.internal.diagnostics.Diagnostics     : [127.0.0.1]:15700 [dev] [3.9.4] Diagnostics disabled. To enable add -Dhazelcast.diagnostics.enabled=true to the JVM arguments.
2020-03-11 09:11:10.125  INFO 16984 --- [restartedMain] com.hazelcast.core.LifecycleService      : [127.0.0.1]:15700 [dev] [3.9.4] [127.0.0.1]:15700 is STARTING
2020-03-11 09:11:10.149  INFO 16984 --- [restartedMain] com.hazelcast.system                     : [127.0.0.1]:15700 [dev] [3.9.4] Cluster version set to 3.9
2020-03-11 09:11:10.150  INFO 16984 --- [restartedMain] c.h.internal.cluster.ClusterService      : [127.0.0.1]:15700 [dev] [3.9.4] 

Members {size:1, ver:1} [
	Member [127.0.0.1]:15700 - 453ed39e-5a45-446d-99d6-f5f9307288ef this
]

2020-03-11 09:11:10.198  INFO 16984 --- [restartedMain] com.hazelcast.core.LifecycleService      : [127.0.0.1]:15700 [dev] [3.9.4] [127.0.0.1]:15700 is STARTED
2020-03-11 09:11:10.249 DEBUG 16984 --- [restartedMain] c.i.j.uaa.config.CacheConfiguration      : Starting HazelcastCacheManager
2020-03-11 09:11:10.560 DEBUG 16984 --- [restartedMain] c.i.j.uaa.config.LiquibaseConfiguration  : Configuring Liquibase
2020-03-11 09:11:10.907  WARN 16984 --- [uaa-Executor-1] i.g.j.c.liquibase.AsyncSpringLiquibase   : Starting Liquibase asynchronously, your database might not be ready at startup!
2020-03-11 09:11:10.943  INFO 16984 --- [hz.uaa.HealthMonitor] c.h.internal.diagnostics.HealthMonitor   : [127.0.0.1]:15700 [dev] [3.9.4] processors=4, physical.memory.total=15.9G, physical.memory.free=5.4G, swap.space.total=26.7G, swap.space.free=12.3G, heap.memory.used=198.7M, heap.memory.free=702.8M, heap.memory.total=901.5M, heap.memory.max=3.5G, heap.memory.used/total=22.05%, heap.memory.used/max=5.49%, minor.gc.count=11, minor.gc.time=306ms, major.gc.count=3, major.gc.time=409ms, load.process=37.30%, load.system=80.89%, load.systemAverage=n/a thread.count=60, thread.peakCount=60, cluster.timeDiff=0, event.q.size=0, executor.q.async.size=0, executor.q.client.size=0, executor.q.query.size=0, executor.q.scheduled.size=0, executor.q.io.size=0, executor.q.system.size=0, executor.q.operations.size=0, executor.q.priorityOperation.size=0, operations.completed.count=1, executor.q.mapLoad.size=0, executor.q.mapLoadAllKeys.size=0, executor.q.cluster.size=0, executor.q.response.size=0, operations.running.count=0, operations.pending.invocations.percentage=0.00%, operations.pending.invocations.count=0, proxy.count=0, clientEndpoint.count=0, connection.active.count=0, client.connection.count=0, connection.count=0
2020-03-11 09:11:12.452 DEBUG 16984 --- [uaa-Executor-1] i.g.j.c.liquibase.AsyncSpringLiquibase   : Liquibase has updated your database in 1543 ms
2020-03-11 09:11:12.716  INFO 16984 --- [restartedMain] c.h.h.HazelcastCacheRegionFactory        : Starting up HazelcastCacheRegionFactory
2020-03-11 09:11:12.719  INFO 16984 --- [restartedMain] c.h.h.i.IHazelcastInstanceFactory        : Using existing HazelcastInstance [uaa].
2020-03-11 09:11:13.276  INFO 16984 --- [DiscoveryClient-HeartbeatExecutor-0] com.netflix.discovery.DiscoveryClient    : DiscoveryClient_UAA/uaa:4460496db394ff47dfa52ad1f0280b88 - Re-registering apps/UAA
2020-03-11 09:11:13.277  INFO 16984 --- [DiscoveryClient-HeartbeatExecutor-0] com.netflix.discovery.DiscoveryClient    : DiscoveryClient_UAA/uaa:4460496db394ff47dfa52ad1f0280b88: registering service...
2020-03-11 09:11:13.449  INFO 16984 --- [DiscoveryClient-HeartbeatExecutor-0] com.netflix.discovery.DiscoveryClient    : DiscoveryClient_UAA/uaa:4460496db394ff47dfa52ad1f0280b88 - registration status: 204
2020-03-11 09:11:15.188 DEBUG 16984 --- [restartedMain] c.i.jhipster.uaa.config.WebConfigurer    : Registering CORS filter
2020-03-11 09:11:15.391  INFO 16984 --- [restartedMain] c.i.jhipster.uaa.config.WebConfigurer    : Web application configuration, using profiles: dev
2020-03-11 09:11:15.392 DEBUG 16984 --- [restartedMain] c.i.jhipster.uaa.config.WebConfigurer    : Initializing Metrics registries
2020-03-11 09:11:15.398 DEBUG 16984 --- [restartedMain] c.i.jhipster.uaa.config.WebConfigurer    : Registering Metrics Filter
2020-03-11 09:11:15.399 DEBUG 16984 --- [restartedMain] c.i.jhipster.uaa.config.WebConfigurer    : Registering Metrics Servlet
2020-03-11 09:11:15.404 DEBUG 16984 --- [restartedMain] c.i.jhipster.uaa.config.WebConfigurer    : Initialize H2 console
2020-03-11 09:11:15.406  INFO 16984 --- [restartedMain] c.i.jhipster.uaa.config.WebConfigurer    : Web application fully configured
2020-03-11 09:11:20.174 DEBUG 16984 --- [restartedMain] c.i.j.uaa.config.DatabaseConfiguration   : Starting H2 database
2020-03-11 09:11:20.812  WARN 16984 --- [restartedMain] c.n.c.sources.URLConfigurationSource     : No URLs will be polled as dynamic configuration sources.
2020-03-11 09:11:20.820  WARN 16984 --- [restartedMain] c.n.c.sources.URLConfigurationSource     : No URLs will be polled as dynamic configuration sources.
2020-03-11 09:11:22.344 DEBUG 16984 --- [restartedMain] i.g.j.c.apidoc.SwaggerAutoConfiguration  : Starting Swagger
2020-03-11 09:11:22.371 DEBUG 16984 --- [restartedMain] i.g.j.c.apidoc.SwaggerAutoConfiguration  : Started Swagger in 27 ms
2020-03-11 09:11:23.391  INFO 16984 --- [restartedMain] c.h.i.p.impl.PartitionStateManager       : [127.0.0.1]:15700 [dev] [3.9.4] Initializing cluster partition table arrangement...
2020-03-11 09:11:25.700  INFO 16984 --- [restartedMain] com.netflix.discovery.DiscoveryClient    : Saw local status change event StatusChangeEvent [timestamp=1583910685700, current=UP, previous=STARTING]
2020-03-11 09:11:25.704  INFO 16984 --- [DiscoveryClient-InstanceInfoReplicator-0] com.netflix.discovery.DiscoveryClient    : DiscoveryClient_UAA/uaa:4460496db394ff47dfa52ad1f0280b88: registering service...
2020-03-11 09:11:25.944  INFO 16984 --- [DiscoveryClient-InstanceInfoReplicator-0] com.netflix.discovery.DiscoveryClient    : DiscoveryClient_UAA/uaa:4460496db394ff47dfa52ad1f0280b88 - registration status: 204
2020-03-11 09:11:26.697  INFO 16984 --- [restartedMain] com.isoft.jhipster.uaa.UaaApp            : Started UaaApp in 44.041 seconds (JVM running for 49.406)
2020-03-11 09:11:26.734  INFO 16984 --- [restartedMain] com.isoft.jhipster.uaa.UaaApp            : 
----------------------------------------------------------
	Application 'uaa' is running! Access URLs:
	Local: 		http://localhost:9999/
	External: 	http://192.168.1.73:9999/
	Profile(s): 	[dev, swagger]
----------------------------------------------------------
2020-03-11 09:11:26.734  INFO 16984 --- [restartedMain] com.isoft.jhipster.uaa.UaaApp            : 
----------------------------------------------------------
	Config Server: 	Connected to the JHipster Registry config server!
----------------------------------------------------------
2020-03-11 09:14:30.240  WARN 16984 --- [Thread-2] com.netflix.discovery.DiscoveryClient    : Saw local status change event StatusChangeEvent [timestamp=1583910870240, current=DOWN, previous=UP]
2020-03-11 09:14:30.245  WARN 16984 --- [DiscoveryClient-InstanceInfoReplicator-0] com.netflix.discovery.DiscoveryClient    : Saw local status change event StatusChangeEvent [timestamp=1583910870245, current=UP, previous=DOWN]
2020-03-11 09:14:30.245  INFO 16984 --- [DiscoveryClient-InstanceInfoReplicator-0] com.netflix.discovery.DiscoveryClient    : DiscoveryClient_UAA/uaa:4460496db394ff47dfa52ad1f0280b88: registering service...
2020-03-11 09:14:30.296  INFO 16984 --- [Thread-2] c.i.j.uaa.config.CacheConfiguration      : Closing Cache Manager
2020-03-11 09:14:30.302  INFO 16984 --- [Thread-2] com.netflix.discovery.DiscoveryClient    : Shutting down DiscoveryClient ...
2020-03-11 09:14:30.312  WARN 16984 --- [Thread-2] .s.c.a.CommonAnnotationBeanPostProcessor : Invocation of destroy method failed on bean with name 'scopedTarget.eurekaClient': org.springframework.beans.factory.BeanCreationNotAllowedException: Error creating bean with name 'eurekaInstanceConfigBean': Singleton bean creation not allowed while singletons of this factory are in destruction (Do not request a bean from a BeanFactory in a destroy method implementation!)
2020-03-11 09:14:31.172  INFO 16984 --- [DiscoveryClient-InstanceInfoReplicator-0] com.netflix.discovery.DiscoveryClient    : DiscoveryClient_UAA/uaa:4460496db394ff47dfa52ad1f0280b88 - registration status: 204
2020-03-11 09:14:31.227  WARN 16984 --- [DiscoveryClient-InstanceInfoReplicator-0] c.n.discovery.InstanceInfoReplicator     : There was a problem with the instance info replicator

org.springframework.beans.factory.BeanCreationException: Error creating bean with name 'org.springframework.cloud.netflix.eureka.EurekaClientAutoConfiguration': Unexpected exception during bean creation; nested exception is org.springframework.beans.factory.NoSuchBeanDefinitionException: No qualifying bean of type 'org.springframework.core.env.ConfigurableEnvironment' available: expected at least 1 bean which qualifies as autowire candidate. Dependency annotations: {}
	at org.springframework.beans.factory.support.AbstractAutowireCapableBeanFactory.createBean(AbstractAutowireCapableBeanFactory.java:508)
	at org.springframework.beans.factory.support.AbstractBeanFactory.lambda$doGetBean$0(AbstractBeanFactory.java:317)
	at org.springframework.beans.factory.support.DefaultSingletonBeanRegistry.getSingleton(DefaultSingletonBeanRegistry.java:222)
	at org.springframework.beans.factory.support.AbstractBeanFactory.doGetBean(AbstractBeanFactory.java:315)
	at org.springframework.beans.factory.support.AbstractBeanFactory.getBean(AbstractBeanFactory.java:199)
	at org.springframework.beans.factory.support.ConstructorResolver.instantiateUsingFactoryMethod(ConstructorResolver.java:372)
	at org.springframework.beans.factory.support.AbstractAutowireCapableBeanFactory.instantiateUsingFactoryMethod(AbstractAutowireCapableBeanFactory.java:1247)
	at org.springframework.beans.factory.support.AbstractAutowireCapableBeanFactory.createBeanInstance(AbstractAutowireCapableBeanFactory.java:1096)
	at org.springframework.beans.factory.support.AbstractAutowireCapableBeanFactory.doCreateBean(AbstractAutowireCapableBeanFactory.java:535)
	at org.springframework.beans.factory.support.AbstractAutowireCapableBeanFactory.createBean(AbstractAutowireCapableBeanFactory.java:495)
	at org.springframework.beans.factory.support.AbstractBeanFactory.lambda$doGetBean$0(AbstractBeanFactory.java:317)
	at org.springframework.beans.factory.support.DefaultSingletonBeanRegistry.getSingleton(DefaultSingletonBeanRegistry.java:222)
	at org.springframework.beans.factory.support.AbstractBeanFactory.doGetBean(AbstractBeanFactory.java:315)
	at org.springframework.beans.factory.support.AbstractBeanFactory.getBean(AbstractBeanFactory.java:199)
	at org.springframework.beans.factory.config.DependencyDescriptor.resolveCandidate(DependencyDescriptor.java:251)
	at org.springframework.beans.factory.support.DefaultListableBeanFactory.doResolveDependency(DefaultListableBeanFactory.java:1135)
	at org.springframework.beans.factory.support.DefaultListableBeanFactory.resolveDependency(DefaultListableBeanFactory.java:1062)
	at org.springframework.beans.factory.support.ConstructorResolver.resolveAutowiredArgument(ConstructorResolver.java:818)
	at org.springframework.beans.factory.support.ConstructorResolver.resolvePreparedArguments(ConstructorResolver.java:767)
	at org.springframework.beans.factory.support.ConstructorResolver.instantiateUsingFactoryMethod(ConstructorResolver.java:410)
	at org.springframework.beans.factory.support.AbstractAutowireCapableBeanFactory.instantiateUsingFactoryMethod(AbstractAutowireCapableBeanFactory.java:1247)
	at org.springframework.beans.factory.support.AbstractAutowireCapableBeanFactory.createBeanInstance(AbstractAutowireCapableBeanFactory.java:1096)
	at org.springframework.beans.factory.support.AbstractAutowireCapableBeanFactory.doCreateBean(AbstractAutowireCapableBeanFactory.java:535)
	at org.springframework.beans.factory.support.AbstractAutowireCapableBeanFactory.createBean(AbstractAutowireCapableBeanFactory.java:495)
	at org.springframework.beans.factory.support.AbstractBeanFactory.lambda$doGetBean$1(AbstractBeanFactory.java:353)
	at org.springframework.cloud.context.scope.GenericScope$BeanLifecycleWrapper.getBean(GenericScope.java:390)
	at org.springframework.cloud.context.scope.GenericScope.get(GenericScope.java:184)
	at org.springframework.beans.factory.support.AbstractBeanFactory.doGetBean(AbstractBeanFactory.java:350)
	at org.springframework.beans.factory.support.AbstractBeanFactory.getBean(AbstractBeanFactory.java:199)
	at org.springframework.aop.target.SimpleBeanTargetSource.getTarget(SimpleBeanTargetSource.java:35)
	at org.springframework.aop.framework.CglibAopProxy$DynamicAdvisedInterceptor.intercept(CglibAopProxy.java:672)
	at com.netflix.appinfo.ApplicationInfoManager$$EnhancerBySpringCGLIB$$69eea185.refreshDataCenterInfoIfRequired(<generated>)
	at com.netflix.discovery.DiscoveryClient.refreshInstanceInfo(DiscoveryClient.java:1377)
	at com.netflix.discovery.InstanceInfoReplicator.run(InstanceInfoReplicator.java:117)
	at com.netflix.discovery.InstanceInfoReplicator$1.run(InstanceInfoReplicator.java:101)
	at java.util.concurrent.Executors$RunnableAdapter.call(Executors.java:511)
	at java.util.concurrent.FutureTask.run$$$capture(FutureTask.java:266)
	at java.util.concurrent.FutureTask.run(FutureTask.java)
	at java.util.concurrent.ScheduledThreadPoolExecutor$ScheduledFutureTask.access$201(ScheduledThreadPoolExecutor.java:180)
	at java.util.concurrent.ScheduledThreadPoolExecutor$ScheduledFutureTask.run(ScheduledThreadPoolExecutor.java:293)
	at java.util.concurrent.ThreadPoolExecutor.runWorker(ThreadPoolExecutor.java:1149)
	at java.util.concurrent.ThreadPoolExecutor$Worker.run(ThreadPoolExecutor.java:624)
	at java.lang.Thread.run(Thread.java:748)
Caused by: org.springframework.beans.factory.NoSuchBeanDefinitionException: No qualifying bean of type 'org.springframework.core.env.ConfigurableEnvironment' available: expected at least 1 bean which qualifies as autowire candidate. Dependency annotations: {}
	at org.springframework.beans.factory.support.DefaultListableBeanFactory.raiseNoMatchingBeanFound(DefaultListableBeanFactory.java:1506)
	at org.springframework.beans.factory.support.DefaultListableBeanFactory.doResolveDependency(DefaultListableBeanFactory.java:1101)
	at org.springframework.beans.factory.support.DefaultListableBeanFactory.resolveDependency(DefaultListableBeanFactory.java:1062)
	at org.springframework.beans.factory.support.ConstructorResolver.resolveAutowiredArgument(ConstructorResolver.java:818)
	at org.springframework.beans.factory.support.ConstructorResolver.resolvePreparedArguments(ConstructorResolver.java:767)
	at org.springframework.beans.factory.support.ConstructorResolver.autowireConstructor(ConstructorResolver.java:136)
	at org.springframework.beans.factory.support.AbstractAutowireCapableBeanFactory.autowireConstructor(AbstractAutowireCapableBeanFactory.java:1267)
	at org.springframework.beans.factory.support.AbstractAutowireCapableBeanFactory.createBeanInstance(AbstractAutowireCapableBeanFactory.java:1112)
	at org.springframework.beans.factory.support.AbstractAutowireCapableBeanFactory.doCreateBean(AbstractAutowireCapableBeanFactory.java:535)
	at org.springframework.beans.factory.support.AbstractAutowireCapableBeanFactory.createBean(AbstractAutowireCapableBeanFactory.java:495)
	... 42 common frames omitted

2020-03-11 09:19:29.203  INFO 10524 --- [restartedMain] com.isoft.jhipster.uaa.UaaApp            : The following profiles are active: dev,swagger
2020-03-11 09:19:40.976 DEBUG 10524 --- [restartedMain] c.i.j.uaa.config.AsyncConfiguration      : Creating Async Task Executor
2020-03-11 09:19:43.452 DEBUG 10524 --- [restartedMain] c.i.j.uaa.config.MetricsConfiguration    : Registering JVM gauges
2020-03-11 09:19:43.491 DEBUG 10524 --- [restartedMain] c.i.j.uaa.config.MetricsConfiguration    : Monitoring the datasource
2020-03-11 09:19:43.500 DEBUG 10524 --- [restartedMain] c.i.j.uaa.config.MetricsConfiguration    : Initializing Metrics JMX reporting
2020-03-11 09:19:51.732 DEBUG 10524 --- [restartedMain] c.i.j.uaa.config.CacheConfiguration      : Configuring Hazelcast
2020-03-11 09:19:52.158 DEBUG 10524 --- [restartedMain] c.i.j.uaa.config.CacheConfiguration      : Configuring Hazelcast clustering for instanceId: uaa
2020-03-11 09:19:52.160 DEBUG 10524 --- [restartedMain] c.i.j.uaa.config.CacheConfiguration      : Application is running with the "dev" profile, Hazelcast cluster will only work with localhost instances
2020-03-11 09:19:52.572  INFO 10524 --- [restartedMain] com.netflix.discovery.DiscoveryClient    : Initializing Eureka in region us-east-1
2020-03-11 09:19:55.058  INFO 10524 --- [restartedMain] c.n.d.provider.DiscoveryJerseyProvider   : Using JSON encoding codec LegacyJacksonJson
2020-03-11 09:19:55.065  INFO 10524 --- [restartedMain] c.n.d.provider.DiscoveryJerseyProvider   : Using JSON decoding codec LegacyJacksonJson
2020-03-11 09:19:55.788  INFO 10524 --- [restartedMain] c.n.d.provider.DiscoveryJerseyProvider   : Using XML encoding codec XStreamXml
2020-03-11 09:19:55.789  INFO 10524 --- [restartedMain] c.n.d.provider.DiscoveryJerseyProvider   : Using XML decoding codec XStreamXml
2020-03-11 09:19:56.921  INFO 10524 --- [restartedMain] c.n.d.s.r.aws.ConfigClusterResolver      : Resolving eureka endpoints via configuration
2020-03-11 09:19:58.121  INFO 10524 --- [restartedMain] com.netflix.discovery.DiscoveryClient    : Disable delta property : false
2020-03-11 09:19:58.126  INFO 10524 --- [restartedMain] com.netflix.discovery.DiscoveryClient    : Single vip registry refresh property : null
2020-03-11 09:19:58.126  INFO 10524 --- [restartedMain] com.netflix.discovery.DiscoveryClient    : Force full registry fetch : false
2020-03-11 09:19:58.126  INFO 10524 --- [restartedMain] com.netflix.discovery.DiscoveryClient    : Application is null : false
2020-03-11 09:19:58.126  INFO 10524 --- [restartedMain] com.netflix.discovery.DiscoveryClient    : Registered Applications size is zero : true
2020-03-11 09:19:58.126  INFO 10524 --- [restartedMain] com.netflix.discovery.DiscoveryClient    : Application version is -1: true
2020-03-11 09:19:58.126  INFO 10524 --- [restartedMain] com.netflix.discovery.DiscoveryClient    : Getting all instance registry info from the eureka server
2020-03-11 09:19:58.653  INFO 10524 --- [restartedMain] com.netflix.discovery.DiscoveryClient    : The response status is 200
2020-03-11 09:19:58.658  INFO 10524 --- [restartedMain] com.netflix.discovery.DiscoveryClient    : Starting heartbeat executor: renew interval is: 5
2020-03-11 09:19:58.663  INFO 10524 --- [restartedMain] c.n.discovery.InstanceInfoReplicator     : InstanceInfoReplicator onDemand update allowed rate per min is 12
2020-03-11 09:19:58.672  INFO 10524 --- [restartedMain] com.netflix.discovery.DiscoveryClient    : Discovery Client initialized at timestamp 1583911198669 with initial instances count: 0
2020-03-11 09:19:58.828  INFO 10524 --- [restartedMain] com.hazelcast.instance.AddressPicker     : [LOCAL] [dev] [3.9.4] Picked [127.0.0.1]:15700, using socket ServerSocket[addr=/0:0:0:0:0:0:0:0,localport=15700], bind any local is true
2020-03-11 09:19:58.879  INFO 10524 --- [restartedMain] com.hazelcast.system                     : [127.0.0.1]:15700 [dev] [3.9.4] Hazelcast 3.9.4 (20180420 - b8001d5) starting at [127.0.0.1]:15700
2020-03-11 09:19:58.880  INFO 10524 --- [restartedMain] com.hazelcast.system                     : [127.0.0.1]:15700 [dev] [3.9.4] Copyright (c) 2008-2018, Hazelcast, Inc. All Rights Reserved.
2020-03-11 09:19:58.880  INFO 10524 --- [restartedMain] com.hazelcast.system                     : [127.0.0.1]:15700 [dev] [3.9.4] Configured Hazelcast Serialization version: 1
2020-03-11 09:20:00.189  INFO 10524 --- [restartedMain] c.h.s.i.o.impl.BackpressureRegulator     : [127.0.0.1]:15700 [dev] [3.9.4] Backpressure is disabled
2020-03-11 09:20:04.313  INFO 10524 --- [DiscoveryClient-HeartbeatExecutor-0] com.netflix.discovery.DiscoveryClient    : DiscoveryClient_UAA/uaa:acf7a32867edfc95032db43866caba61 - Re-registering apps/UAA
2020-03-11 09:20:04.317  INFO 10524 --- [DiscoveryClient-HeartbeatExecutor-0] com.netflix.discovery.DiscoveryClient    : DiscoveryClient_UAA/uaa:acf7a32867edfc95032db43866caba61: registering service...
2020-03-11 09:20:04.597  INFO 10524 --- [DiscoveryClient-HeartbeatExecutor-0] com.netflix.discovery.DiscoveryClient    : DiscoveryClient_UAA/uaa:acf7a32867edfc95032db43866caba61 - registration status: 204
2020-03-11 09:20:04.715  INFO 10524 --- [restartedMain] com.hazelcast.instance.Node              : [127.0.0.1]:15700 [dev] [3.9.4] Creating TcpIpJoiner
2020-03-11 09:20:05.081  INFO 10524 --- [restartedMain] c.h.s.i.o.impl.OperationExecutorImpl     : [127.0.0.1]:15700 [dev] [3.9.4] Starting 4 partition threads and 3 generic threads (1 dedicated for priority tasks)
2020-03-11 09:20:05.082  INFO 10524 --- [restartedMain] c.h.internal.diagnostics.Diagnostics     : [127.0.0.1]:15700 [dev] [3.9.4] Diagnostics disabled. To enable add -Dhazelcast.diagnostics.enabled=true to the JVM arguments.
2020-03-11 09:20:05.163  INFO 10524 --- [restartedMain] com.hazelcast.core.LifecycleService      : [127.0.0.1]:15700 [dev] [3.9.4] [127.0.0.1]:15700 is STARTING
2020-03-11 09:20:05.274  INFO 10524 --- [restartedMain] com.hazelcast.system                     : [127.0.0.1]:15700 [dev] [3.9.4] Cluster version set to 3.9
2020-03-11 09:20:05.275  INFO 10524 --- [restartedMain] c.h.internal.cluster.ClusterService      : [127.0.0.1]:15700 [dev] [3.9.4] 

Members {size:1, ver:1} [
	Member [127.0.0.1]:15700 - a6c99f79-6194-499b-a65e-82a3fd432730 this
]

2020-03-11 09:20:05.395  INFO 10524 --- [restartedMain] com.hazelcast.core.LifecycleService      : [127.0.0.1]:15700 [dev] [3.9.4] [127.0.0.1]:15700 is STARTED
2020-03-11 09:20:05.469 DEBUG 10524 --- [restartedMain] c.i.j.uaa.config.CacheConfiguration      : Starting HazelcastCacheManager
2020-03-11 09:20:05.980 DEBUG 10524 --- [restartedMain] c.i.j.uaa.config.LiquibaseConfiguration  : Configuring Liquibase
2020-03-11 09:20:06.283  WARN 10524 --- [uaa-Executor-1] i.g.j.c.liquibase.AsyncSpringLiquibase   : Starting Liquibase asynchronously, your database might not be ready at startup!
2020-03-11 09:20:06.561  INFO 10524 --- [hz.uaa.HealthMonitor] c.h.internal.diagnostics.HealthMonitor   : [127.0.0.1]:15700 [dev] [3.9.4] processors=4, physical.memory.total=15.9G, physical.memory.free=5.7G, swap.space.total=26.7G, swap.space.free=12.0G, heap.memory.used=213.0M, heap.memory.free=784.5M, heap.memory.total=997.5M, heap.memory.max=3.5G, heap.memory.used/total=21.35%, heap.memory.used/max=5.89%, minor.gc.count=12, minor.gc.time=317ms, major.gc.count=3, major.gc.time=808ms, load.process=30.13%, load.system=100.00%, load.systemAverage=n/a thread.count=57, thread.peakCount=58, cluster.timeDiff=0, event.q.size=0, executor.q.async.size=0, executor.q.client.size=0, executor.q.query.size=0, executor.q.scheduled.size=0, executor.q.io.size=0, executor.q.system.size=0, executor.q.operations.size=0, executor.q.priorityOperation.size=0, operations.completed.count=1, executor.q.mapLoad.size=0, executor.q.mapLoadAllKeys.size=0, executor.q.cluster.size=0, executor.q.response.size=0, operations.running.count=0, operations.pending.invocations.percentage=0.00%, operations.pending.invocations.count=0, proxy.count=0, clientEndpoint.count=0, connection.active.count=0, client.connection.count=0, connection.count=0
2020-03-11 09:20:08.697  INFO 10524 --- [DiscoveryClient-CacheRefreshExecutor-0] com.netflix.discovery.DiscoveryClient    : Disable delta property : false
2020-03-11 09:20:08.700  INFO 10524 --- [DiscoveryClient-CacheRefreshExecutor-0] com.netflix.discovery.DiscoveryClient    : Single vip registry refresh property : null
2020-03-11 09:20:08.701  INFO 10524 --- [DiscoveryClient-CacheRefreshExecutor-0] com.netflix.discovery.DiscoveryClient    : Force full registry fetch : false
2020-03-11 09:20:08.701  INFO 10524 --- [DiscoveryClient-CacheRefreshExecutor-0] com.netflix.discovery.DiscoveryClient    : Application is null : false
2020-03-11 09:20:08.701  INFO 10524 --- [DiscoveryClient-CacheRefreshExecutor-0] com.netflix.discovery.DiscoveryClient    : Registered Applications size is zero : true
2020-03-11 09:20:08.701  INFO 10524 --- [DiscoveryClient-CacheRefreshExecutor-0] com.netflix.discovery.DiscoveryClient    : Application version is -1: false
2020-03-11 09:20:08.701  INFO 10524 --- [DiscoveryClient-CacheRefreshExecutor-0] com.netflix.discovery.DiscoveryClient    : Getting all instance registry info from the eureka server
2020-03-11 09:20:08.964 DEBUG 10524 --- [uaa-Executor-1] i.g.j.c.liquibase.AsyncSpringLiquibase   : Liquibase has updated your database in 2680 ms
2020-03-11 09:20:09.000  INFO 10524 --- [DiscoveryClient-CacheRefreshExecutor-0] com.netflix.discovery.DiscoveryClient    : The response status is 200
2020-03-11 09:20:09.272  INFO 10524 --- [restartedMain] c.h.h.HazelcastCacheRegionFactory        : Starting up HazelcastCacheRegionFactory
2020-03-11 09:20:09.276  INFO 10524 --- [restartedMain] c.h.h.i.IHazelcastInstanceFactory        : Using existing HazelcastInstance [uaa].
2020-03-11 09:20:15.109 DEBUG 10524 --- [restartedMain] c.i.jhipster.uaa.config.WebConfigurer    : Registering CORS filter
2020-03-11 09:20:15.776  INFO 10524 --- [restartedMain] c.i.jhipster.uaa.config.WebConfigurer    : Web application configuration, using profiles: dev
2020-03-11 09:20:15.777 DEBUG 10524 --- [restartedMain] c.i.jhipster.uaa.config.WebConfigurer    : Initializing Metrics registries
2020-03-11 09:20:15.783 DEBUG 10524 --- [restartedMain] c.i.jhipster.uaa.config.WebConfigurer    : Registering Metrics Filter
2020-03-11 09:20:15.784 DEBUG 10524 --- [restartedMain] c.i.jhipster.uaa.config.WebConfigurer    : Registering Metrics Servlet
2020-03-11 09:20:15.790 DEBUG 10524 --- [restartedMain] c.i.jhipster.uaa.config.WebConfigurer    : Initialize H2 console
2020-03-11 09:20:15.792  INFO 10524 --- [restartedMain] c.i.jhipster.uaa.config.WebConfigurer    : Web application fully configured
2020-03-11 09:20:19.009  INFO 10524 --- [DiscoveryClient-CacheRefreshExecutor-0] com.netflix.discovery.DiscoveryClient    : Disable delta property : false
2020-03-11 09:20:19.009  INFO 10524 --- [DiscoveryClient-CacheRefreshExecutor-0] com.netflix.discovery.DiscoveryClient    : Single vip registry refresh property : null
2020-03-11 09:20:19.010  INFO 10524 --- [DiscoveryClient-CacheRefreshExecutor-0] com.netflix.discovery.DiscoveryClient    : Force full registry fetch : false
2020-03-11 09:20:19.010  INFO 10524 --- [DiscoveryClient-CacheRefreshExecutor-0] com.netflix.discovery.DiscoveryClient    : Application is null : false
2020-03-11 09:20:19.010  INFO 10524 --- [DiscoveryClient-CacheRefreshExecutor-0] com.netflix.discovery.DiscoveryClient    : Registered Applications size is zero : true
2020-03-11 09:20:19.010  INFO 10524 --- [DiscoveryClient-CacheRefreshExecutor-0] com.netflix.discovery.DiscoveryClient    : Application version is -1: false
2020-03-11 09:20:19.010  INFO 10524 --- [DiscoveryClient-CacheRefreshExecutor-0] com.netflix.discovery.DiscoveryClient    : Getting all instance registry info from the eureka server
2020-03-11 09:20:19.368  INFO 10524 --- [DiscoveryClient-CacheRefreshExecutor-0] com.netflix.discovery.DiscoveryClient    : The response status is 200
2020-03-11 09:20:25.097 DEBUG 10524 --- [restartedMain] c.i.j.uaa.config.DatabaseConfiguration   : Starting H2 database
2020-03-11 09:20:26.433  WARN 10524 --- [restartedMain] c.n.c.sources.URLConfigurationSource     : No URLs will be polled as dynamic configuration sources.
2020-03-11 09:20:26.448  WARN 10524 --- [restartedMain] c.n.c.sources.URLConfigurationSource     : No URLs will be polled as dynamic configuration sources.
2020-03-11 09:20:26.781  INFO 10524 --- [hz.uaa.HealthMonitor] c.h.internal.diagnostics.HealthMonitor   : [127.0.0.1]:15700 [dev] [3.9.4] processors=4, physical.memory.total=15.9G, physical.memory.free=5.0G, swap.space.total=26.7G, swap.space.free=11.0G, heap.memory.used=779.1M, heap.memory.free=233.4M, heap.memory.total=1012.5M, heap.memory.max=3.5G, heap.memory.used/total=75.72%, heap.memory.used/max=21.19%, minor.gc.count=13, minor.gc.time=373ms, major.gc.count=3, major.gc.time=808ms, load.process=21.26%, load.system=98.86%, load.systemAverage=n/a thread.count=58, thread.peakCount=60, cluster.timeDiff=0, event.q.size=0, executor.q.async.size=0, executor.q.client.size=0, executor.q.query.size=0, executor.q.scheduled.size=0, executor.q.io.size=0, executor.q.system.size=0, executor.q.operations.size=0, executor.q.priorityOperation.size=0, operations.completed.count=1, executor.q.mapLoad.size=0, executor.q.mapLoadAllKeys.size=0, executor.q.cluster.size=0, executor.q.response.size=0, operations.running.count=0, operations.pending.invocations.percentage=0.00%, operations.pending.invocations.count=0, proxy.count=0, clientEndpoint.count=0, connection.active.count=0, client.connection.count=0, connection.count=0
2020-03-11 09:20:29.377  INFO 10524 --- [DiscoveryClient-CacheRefreshExecutor-0] com.netflix.discovery.DiscoveryClient    : Disable delta property : false
2020-03-11 09:20:29.378  INFO 10524 --- [DiscoveryClient-CacheRefreshExecutor-0] com.netflix.discovery.DiscoveryClient    : Single vip registry refresh property : null
2020-03-11 09:20:29.378  INFO 10524 --- [DiscoveryClient-CacheRefreshExecutor-0] com.netflix.discovery.DiscoveryClient    : Force full registry fetch : false
2020-03-11 09:20:29.378  INFO 10524 --- [DiscoveryClient-CacheRefreshExecutor-0] com.netflix.discovery.DiscoveryClient    : Application is null : false
2020-03-11 09:20:29.378  INFO 10524 --- [DiscoveryClient-CacheRefreshExecutor-0] com.netflix.discovery.DiscoveryClient    : Registered Applications size is zero : true
2020-03-11 09:20:29.378  INFO 10524 --- [DiscoveryClient-CacheRefreshExecutor-0] com.netflix.discovery.DiscoveryClient    : Application version is -1: false
2020-03-11 09:20:29.378  INFO 10524 --- [DiscoveryClient-CacheRefreshExecutor-0] com.netflix.discovery.DiscoveryClient    : Getting all instance registry info from the eureka server
2020-03-11 09:20:29.669  INFO 10524 --- [DiscoveryClient-CacheRefreshExecutor-0] com.netflix.discovery.DiscoveryClient    : The response status is 200
2020-03-11 09:20:30.238 DEBUG 10524 --- [restartedMain] i.g.j.c.apidoc.SwaggerAutoConfiguration  : Starting Swagger
2020-03-11 09:20:30.268 DEBUG 10524 --- [restartedMain] i.g.j.c.apidoc.SwaggerAutoConfiguration  : Started Swagger in 29 ms
2020-03-11 09:20:31.970  INFO 10524 --- [restartedMain] c.h.i.p.impl.PartitionStateManager       : [127.0.0.1]:15700 [dev] [3.9.4] Initializing cluster partition table arrangement...
2020-03-11 09:20:35.454  INFO 10524 --- [restartedMain] com.netflix.discovery.DiscoveryClient    : Saw local status change event StatusChangeEvent [timestamp=1583911235454, current=UP, previous=STARTING]
2020-03-11 09:20:35.457  INFO 10524 --- [DiscoveryClient-InstanceInfoReplicator-0] com.netflix.discovery.DiscoveryClient    : DiscoveryClient_UAA/uaa:acf7a32867edfc95032db43866caba61: registering service...
2020-03-11 09:20:35.701  INFO 10524 --- [DiscoveryClient-InstanceInfoReplicator-0] com.netflix.discovery.DiscoveryClient    : DiscoveryClient_UAA/uaa:acf7a32867edfc95032db43866caba61 - registration status: 204
2020-03-11 09:20:36.582  INFO 10524 --- [restartedMain] com.isoft.jhipster.uaa.UaaApp            : Started UaaApp in 81.957 seconds (JVM running for 86.167)
2020-03-11 09:20:36.612  INFO 10524 --- [restartedMain] com.isoft.jhipster.uaa.UaaApp            : 
----------------------------------------------------------
	Application 'uaa' is running! Access URLs:
	Local: 		http://localhost:9999/
	External: 	http://192.168.1.73:9999/
	Profile(s): 	[dev, swagger]
----------------------------------------------------------
2020-03-11 09:20:36.613  INFO 10524 --- [restartedMain] com.isoft.jhipster.uaa.UaaApp            : 
----------------------------------------------------------
	Config Server: 	Connected to the JHipster Registry config server!
----------------------------------------------------------
2020-03-11 09:20:40.171  INFO 10524 --- [DiscoveryClient-CacheRefreshExecutor-0] com.netflix.discovery.DiscoveryClient    : Disable delta property : false
2020-03-11 09:20:40.171  INFO 10524 --- [DiscoveryClient-CacheRefreshExecutor-0] com.netflix.discovery.DiscoveryClient    : Single vip registry refresh property : null
2020-03-11 09:20:40.171  INFO 10524 --- [DiscoveryClient-CacheRefreshExecutor-0] com.netflix.discovery.DiscoveryClient    : Force full registry fetch : false
2020-03-11 09:20:40.171  INFO 10524 --- [DiscoveryClient-CacheRefreshExecutor-0] com.netflix.discovery.DiscoveryClient    : Application is null : false
2020-03-11 09:20:40.171  INFO 10524 --- [DiscoveryClient-CacheRefreshExecutor-0] com.netflix.discovery.DiscoveryClient    : Registered Applications size is zero : true
2020-03-11 09:20:40.172  INFO 10524 --- [DiscoveryClient-CacheRefreshExecutor-0] com.netflix.discovery.DiscoveryClient    : Application version is -1: false
2020-03-11 09:20:40.172  INFO 10524 --- [DiscoveryClient-CacheRefreshExecutor-0] com.netflix.discovery.DiscoveryClient    : Getting all instance registry info from the eureka server
2020-03-11 09:20:40.446  INFO 10524 --- [DiscoveryClient-CacheRefreshExecutor-0] com.netflix.discovery.DiscoveryClient    : The response status is 200
2020-03-11 09:20:46.893  INFO 10524 --- [hz.uaa.HealthMonitor] c.h.internal.diagnostics.HealthMonitor   : [127.0.0.1]:15700 [dev] [3.9.4] processors=4, physical.memory.total=15.9G, physical.memory.free=5.0G, swap.space.total=26.7G, swap.space.free=11.3G, heap.memory.used=126.8M, heap.memory.free=1.2G, heap.memory.total=1.3G, heap.memory.max=3.5G, heap.memory.used/total=9.67%, heap.memory.used/max=3.50%, minor.gc.count=15, minor.gc.time=452ms, major.gc.count=4, major.gc.time=1383ms, load.process=14.01%, load.system=99.01%, load.systemAverage=n/a thread.count=65, thread.peakCount=67, cluster.timeDiff=0, event.q.size=0, executor.q.async.size=0, executor.q.client.size=0, executor.q.query.size=0, executor.q.scheduled.size=0, executor.q.io.size=0, executor.q.system.size=0, executor.q.operations.size=0, executor.q.priorityOperation.size=0, operations.completed.count=1, executor.q.mapLoad.size=0, executor.q.mapLoadAllKeys.size=0, executor.q.cluster.size=0, executor.q.response.size=0, operations.running.count=0, operations.pending.invocations.percentage=0.00%, operations.pending.invocations.count=0, proxy.count=0, clientEndpoint.count=0, connection.active.count=0, client.connection.count=0, connection.count=0
2020-03-11 09:21:49.120 DEBUG 10524 --- [XNIO-2 task-1] c.i.j.uaa.aop.logging.LoggingAspect      : Enter: com.isoft.jhipster.uaa.repository.CustomAuditEventRepository.add() with argument[s] = [AuditEvent [timestamp=2020-03-11T07:21:49.103Z, principal=anonymousUser, type=AUTHORIZATION_FAILURE, data={details=org.springframework.security.web.authentication.WebAuthenticationDetails@b364: RemoteIpAddress: 192.168.1.73; SessionId: null, type=org.springframework.security.access.AccessDeniedException, message=Access is denied}]]
2020-03-11 09:21:49.124 DEBUG 10524 --- [XNIO-2 task-1] c.i.j.uaa.aop.logging.LoggingAspect      : Exit: com.isoft.jhipster.uaa.repository.CustomAuditEventRepository.add() with result = null
2020-03-11 09:23:47.733  INFO 10524 --- [hz.uaa.HealthMonitor] c.h.internal.diagnostics.HealthMonitor   : [127.0.0.1]:15700 [dev] [3.9.4] processors=4, physical.memory.total=15.9G, physical.memory.free=4.7G, swap.space.total=26.7G, swap.space.free=11.0G, heap.memory.used=208.9M, heap.memory.free=1.1G, heap.memory.total=1.3G, heap.memory.max=3.5G, heap.memory.used/total=15.93%, heap.memory.used/max=5.77%, minor.gc.count=15, minor.gc.time=452ms, major.gc.count=4, major.gc.time=1383ms, load.process=0.45%, load.system=73.85%, load.systemAverage=n/a thread.count=64, thread.peakCount=68, cluster.timeDiff=0, event.q.size=0, executor.q.async.size=0, executor.q.client.size=0, executor.q.query.size=0, executor.q.scheduled.size=0, executor.q.io.size=0, executor.q.system.size=0, executor.q.operations.size=0, executor.q.priorityOperation.size=0, operations.completed.count=1, executor.q.mapLoad.size=0, executor.q.mapLoadAllKeys.size=0, executor.q.cluster.size=0, executor.q.response.size=0, operations.running.count=0, operations.pending.invocations.percentage=0.00%, operations.pending.invocations.count=0, proxy.count=0, clientEndpoint.count=0, connection.active.count=0, client.connection.count=0, connection.count=0
2020-03-11 09:24:48.039  INFO 10524 --- [hz.uaa.HealthMonitor] c.h.internal.diagnostics.HealthMonitor   : [127.0.0.1]:15700 [dev] [3.9.4] processors=4, physical.memory.total=15.9G, physical.memory.free=4.9G, swap.space.total=26.7G, swap.space.free=10.7G, heap.memory.used=226.5M, heap.memory.free=1.1G, heap.memory.total=1.3G, heap.memory.max=3.5G, heap.memory.used/total=17.27%, heap.memory.used/max=6.26%, minor.gc.count=15, minor.gc.time=452ms, major.gc.count=4, major.gc.time=1383ms, load.process=0.58%, load.system=83.36%, load.systemAverage=n/a thread.count=65, thread.peakCount=68, cluster.timeDiff=0, event.q.size=0, executor.q.async.size=0, executor.q.client.size=0, executor.q.query.size=0, executor.q.scheduled.size=0, executor.q.io.size=0, executor.q.system.size=0, executor.q.operations.size=0, executor.q.priorityOperation.size=0, operations.completed.count=1, executor.q.mapLoad.size=0, executor.q.mapLoadAllKeys.size=0, executor.q.cluster.size=0, executor.q.response.size=0, operations.running.count=0, operations.pending.invocations.percentage=0.00%, operations.pending.invocations.count=0, proxy.count=0, clientEndpoint.count=0, connection.active.count=0, client.connection.count=0, connection.count=0
2020-03-11 09:24:58.140  INFO 10524 --- [AsyncResolver-bootstrap-executor-0] c.n.d.s.r.aws.ConfigClusterResolver      : Resolving eureka endpoints via configuration
2020-03-11 09:25:40.214  WARN 10524 --- [Thread-2] com.netflix.discovery.DiscoveryClient    : Saw local status change event StatusChangeEvent [timestamp=1583911540214, current=DOWN, previous=UP]
2020-03-11 09:25:40.223  WARN 10524 --- [DiscoveryClient-InstanceInfoReplicator-0] com.netflix.discovery.DiscoveryClient    : Saw local status change event StatusChangeEvent [timestamp=1583911540223, current=UP, previous=DOWN]
2020-03-11 09:25:40.224  INFO 10524 --- [DiscoveryClient-InstanceInfoReplicator-0] com.netflix.discovery.DiscoveryClient    : DiscoveryClient_UAA/uaa:acf7a32867edfc95032db43866caba61: registering service...
2020-03-11 09:25:40.521  INFO 10524 --- [DiscoveryClient-InstanceInfoReplicator-0] com.netflix.discovery.DiscoveryClient    : DiscoveryClient_UAA/uaa:acf7a32867edfc95032db43866caba61 - registration status: 204
2020-03-11 09:25:40.581  INFO 10524 --- [Thread-2] c.i.j.uaa.config.CacheConfiguration      : Closing Cache Manager
2020-03-11 09:25:40.587  INFO 10524 --- [Thread-2] com.netflix.discovery.DiscoveryClient    : Shutting down DiscoveryClient ...
2020-03-11 09:25:40.593  WARN 10524 --- [Thread-2] .s.c.a.CommonAnnotationBeanPostProcessor : Invocation of destroy method failed on bean with name 'scopedTarget.eurekaClient': org.springframework.beans.factory.BeanCreationNotAllowedException: Error creating bean with name 'eurekaInstanceConfigBean': Singleton bean creation not allowed while singletons of this factory are in destruction (Do not request a bean from a BeanFactory in a destroy method implementation!)
2020-03-11 09:56:21.977  INFO 8728 --- [restartedMain] com.isoft.jhipster.uaa.UaaApp            : The following profiles are active: dev,swagger
2020-03-11 09:56:29.234 DEBUG 8728 --- [restartedMain] c.i.j.uaa.config.AsyncConfiguration      : Creating Async Task Executor
2020-03-11 09:56:31.539 DEBUG 8728 --- [restartedMain] c.i.j.uaa.config.MetricsConfiguration    : Registering JVM gauges
2020-03-11 09:56:31.568 DEBUG 8728 --- [restartedMain] c.i.j.uaa.config.MetricsConfiguration    : Monitoring the datasource
2020-03-11 09:56:31.577 DEBUG 8728 --- [restartedMain] c.i.j.uaa.config.MetricsConfiguration    : Initializing Metrics JMX reporting
2020-03-11 09:56:37.862 DEBUG 8728 --- [restartedMain] c.i.j.uaa.config.CacheConfiguration      : Configuring Hazelcast
2020-03-11 09:56:38.013 DEBUG 8728 --- [restartedMain] c.i.j.uaa.config.CacheConfiguration      : Configuring Hazelcast clustering for instanceId: uaa
2020-03-11 09:56:38.015 DEBUG 8728 --- [restartedMain] c.i.j.uaa.config.CacheConfiguration      : Application is running with the "dev" profile, Hazelcast cluster will only work with localhost instances
2020-03-11 09:56:38.193  INFO 8728 --- [restartedMain] com.netflix.discovery.DiscoveryClient    : Initializing Eureka in region us-east-1
2020-03-11 09:56:38.821  INFO 8728 --- [restartedMain] c.n.d.provider.DiscoveryJerseyProvider   : Using JSON encoding codec LegacyJacksonJson
2020-03-11 09:56:38.821  INFO 8728 --- [restartedMain] c.n.d.provider.DiscoveryJerseyProvider   : Using JSON decoding codec LegacyJacksonJson
2020-03-11 09:56:39.084  INFO 8728 --- [restartedMain] c.n.d.provider.DiscoveryJerseyProvider   : Using XML encoding codec XStreamXml
2020-03-11 09:56:39.084  INFO 8728 --- [restartedMain] c.n.d.provider.DiscoveryJerseyProvider   : Using XML decoding codec XStreamXml
2020-03-11 09:56:39.637  INFO 8728 --- [restartedMain] c.n.d.s.r.aws.ConfigClusterResolver      : Resolving eureka endpoints via configuration
2020-03-11 09:56:40.002  INFO 8728 --- [restartedMain] com.netflix.discovery.DiscoveryClient    : Disable delta property : false
2020-03-11 09:56:40.002  INFO 8728 --- [restartedMain] com.netflix.discovery.DiscoveryClient    : Single vip registry refresh property : null
2020-03-11 09:56:40.002  INFO 8728 --- [restartedMain] com.netflix.discovery.DiscoveryClient    : Force full registry fetch : false
2020-03-11 09:56:40.002  INFO 8728 --- [restartedMain] com.netflix.discovery.DiscoveryClient    : Application is null : false
2020-03-11 09:56:40.003  INFO 8728 --- [restartedMain] com.netflix.discovery.DiscoveryClient    : Registered Applications size is zero : true
2020-03-11 09:56:40.003  INFO 8728 --- [restartedMain] com.netflix.discovery.DiscoveryClient    : Application version is -1: true
2020-03-11 09:56:40.003  INFO 8728 --- [restartedMain] com.netflix.discovery.DiscoveryClient    : Getting all instance registry info from the eureka server
2020-03-11 09:56:40.616  INFO 8728 --- [restartedMain] com.netflix.discovery.DiscoveryClient    : The response status is 200
2020-03-11 09:56:40.621  INFO 8728 --- [restartedMain] com.netflix.discovery.DiscoveryClient    : Starting heartbeat executor: renew interval is: 5
2020-03-11 09:56:40.627  INFO 8728 --- [restartedMain] c.n.discovery.InstanceInfoReplicator     : InstanceInfoReplicator onDemand update allowed rate per min is 12
2020-03-11 09:56:40.635  INFO 8728 --- [restartedMain] com.netflix.discovery.DiscoveryClient    : Discovery Client initialized at timestamp 1583913400633 with initial instances count: 1
2020-03-11 09:56:40.705  INFO 8728 --- [restartedMain] com.hazelcast.instance.AddressPicker     : [LOCAL] [dev] [3.9.4] Picked [127.0.0.1]:15700, using socket ServerSocket[addr=/0:0:0:0:0:0:0:0,localport=15700], bind any local is true
2020-03-11 09:56:40.719  INFO 8728 --- [restartedMain] com.hazelcast.system                     : [127.0.0.1]:15700 [dev] [3.9.4] Hazelcast 3.9.4 (20180420 - b8001d5) starting at [127.0.0.1]:15700
2020-03-11 09:56:40.719  INFO 8728 --- [restartedMain] com.hazelcast.system                     : [127.0.0.1]:15700 [dev] [3.9.4] Copyright (c) 2008-2018, Hazelcast, Inc. All Rights Reserved.
2020-03-11 09:56:40.719  INFO 8728 --- [restartedMain] com.hazelcast.system                     : [127.0.0.1]:15700 [dev] [3.9.4] Configured Hazelcast Serialization version: 1
2020-03-11 09:56:41.282  INFO 8728 --- [restartedMain] c.h.s.i.o.impl.BackpressureRegulator     : [127.0.0.1]:15700 [dev] [3.9.4] Backpressure is disabled
2020-03-11 09:56:42.635  INFO 8728 --- [restartedMain] com.hazelcast.instance.Node              : [127.0.0.1]:15700 [dev] [3.9.4] Creating TcpIpJoiner
2020-03-11 09:56:42.864  INFO 8728 --- [restartedMain] c.h.s.i.o.impl.OperationExecutorImpl     : [127.0.0.1]:15700 [dev] [3.9.4] Starting 4 partition threads and 3 generic threads (1 dedicated for priority tasks)
2020-03-11 09:56:42.866  INFO 8728 --- [restartedMain] c.h.internal.diagnostics.Diagnostics     : [127.0.0.1]:15700 [dev] [3.9.4] Diagnostics disabled. To enable add -Dhazelcast.diagnostics.enabled=true to the JVM arguments.
2020-03-11 09:56:42.886  INFO 8728 --- [restartedMain] com.hazelcast.core.LifecycleService      : [127.0.0.1]:15700 [dev] [3.9.4] [127.0.0.1]:15700 is STARTING
2020-03-11 09:56:42.913  INFO 8728 --- [restartedMain] com.hazelcast.system                     : [127.0.0.1]:15700 [dev] [3.9.4] Cluster version set to 3.9
2020-03-11 09:56:42.914  INFO 8728 --- [restartedMain] c.h.internal.cluster.ClusterService      : [127.0.0.1]:15700 [dev] [3.9.4] 

Members {size:1, ver:1} [
	Member [127.0.0.1]:15700 - b02bbd37-4144-486b-a806-37b810fe0c91 this
]

2020-03-11 09:56:42.950  INFO 8728 --- [restartedMain] com.hazelcast.core.LifecycleService      : [127.0.0.1]:15700 [dev] [3.9.4] [127.0.0.1]:15700 is STARTED
2020-03-11 09:56:43.009 DEBUG 8728 --- [restartedMain] c.i.j.uaa.config.CacheConfiguration      : Starting HazelcastCacheManager
2020-03-11 09:56:43.410 DEBUG 8728 --- [restartedMain] c.i.j.uaa.config.LiquibaseConfiguration  : Configuring Liquibase
2020-03-11 09:56:43.721  WARN 8728 --- [uaa-Executor-1] i.g.j.c.liquibase.AsyncSpringLiquibase   : Starting Liquibase asynchronously, your database might not be ready at startup!
2020-03-11 09:56:43.923  INFO 8728 --- [hz.uaa.HealthMonitor] c.h.internal.diagnostics.HealthMonitor   : [127.0.0.1]:15700 [dev] [3.9.4] processors=4, physical.memory.total=15.9G, physical.memory.free=3.9G, swap.space.total=26.7G, swap.space.free=10.0G, heap.memory.used=268.0M, heap.memory.free=946.0M, heap.memory.total=1.2G, heap.memory.max=3.5G, heap.memory.used/total=22.08%, heap.memory.used/max=7.41%, minor.gc.count=12, minor.gc.time=321ms, major.gc.count=3, major.gc.time=541ms, load.process=58.51%, load.system=100.00%, load.systemAverage=n/a thread.count=56, thread.peakCount=56, cluster.timeDiff=0, event.q.size=0, executor.q.async.size=0, executor.q.client.size=0, executor.q.query.size=0, executor.q.scheduled.size=0, executor.q.io.size=0, executor.q.system.size=0, executor.q.operations.size=0, executor.q.priorityOperation.size=0, operations.completed.count=1, executor.q.mapLoad.size=0, executor.q.mapLoadAllKeys.size=0, executor.q.cluster.size=0, executor.q.response.size=0, operations.running.count=0, operations.pending.invocations.percentage=0.00%, operations.pending.invocations.count=0, proxy.count=0, clientEndpoint.count=0, connection.active.count=0, client.connection.count=0, connection.count=0
2020-03-11 09:56:45.441 DEBUG 8728 --- [uaa-Executor-1] i.g.j.c.liquibase.AsyncSpringLiquibase   : Liquibase has updated your database in 1715 ms
2020-03-11 09:56:45.788  INFO 8728 --- [DiscoveryClient-HeartbeatExecutor-0] com.netflix.discovery.DiscoveryClient    : DiscoveryClient_UAA/uaa:f7edcdbdd7fb8abda1826fab861edf32 - Re-registering apps/UAA
2020-03-11 09:56:45.789  INFO 8728 --- [DiscoveryClient-HeartbeatExecutor-0] com.netflix.discovery.DiscoveryClient    : DiscoveryClient_UAA/uaa:f7edcdbdd7fb8abda1826fab861edf32: registering service...
2020-03-11 09:56:45.853  INFO 8728 --- [restartedMain] c.h.h.HazelcastCacheRegionFactory        : Starting up HazelcastCacheRegionFactory
2020-03-11 09:56:45.856  INFO 8728 --- [restartedMain] c.h.h.i.IHazelcastInstanceFactory        : Using existing HazelcastInstance [uaa].
2020-03-11 09:56:45.979  INFO 8728 --- [DiscoveryClient-HeartbeatExecutor-0] com.netflix.discovery.DiscoveryClient    : DiscoveryClient_UAA/uaa:f7edcdbdd7fb8abda1826fab861edf32 - registration status: 204
2020-03-11 09:56:48.573 DEBUG 8728 --- [restartedMain] c.i.jhipster.uaa.config.WebConfigurer    : Registering CORS filter
2020-03-11 09:56:48.947  INFO 8728 --- [restartedMain] c.i.jhipster.uaa.config.WebConfigurer    : Web application configuration, using profiles: dev
2020-03-11 09:56:48.948 DEBUG 8728 --- [restartedMain] c.i.jhipster.uaa.config.WebConfigurer    : Initializing Metrics registries
2020-03-11 09:56:48.954 DEBUG 8728 --- [restartedMain] c.i.jhipster.uaa.config.WebConfigurer    : Registering Metrics Filter
2020-03-11 09:56:48.955 DEBUG 8728 --- [restartedMain] c.i.jhipster.uaa.config.WebConfigurer    : Registering Metrics Servlet
2020-03-11 09:56:48.960 DEBUG 8728 --- [restartedMain] c.i.jhipster.uaa.config.WebConfigurer    : Initialize H2 console
2020-03-11 09:56:48.962  INFO 8728 --- [restartedMain] c.i.jhipster.uaa.config.WebConfigurer    : Web application fully configured
2020-03-11 09:56:57.249 DEBUG 8728 --- [restartedMain] c.i.j.uaa.config.DatabaseConfiguration   : Starting H2 database
2020-03-11 09:56:57.868  WARN 8728 --- [restartedMain] c.n.c.sources.URLConfigurationSource     : No URLs will be polled as dynamic configuration sources.
2020-03-11 09:56:57.876  WARN 8728 --- [restartedMain] c.n.c.sources.URLConfigurationSource     : No URLs will be polled as dynamic configuration sources.
2020-03-11 09:56:59.282 DEBUG 8728 --- [restartedMain] i.g.j.c.apidoc.SwaggerAutoConfiguration  : Starting Swagger
2020-03-11 09:56:59.311 DEBUG 8728 --- [restartedMain] i.g.j.c.apidoc.SwaggerAutoConfiguration  : Started Swagger in 28 ms
2020-03-11 09:57:00.210  INFO 8728 --- [restartedMain] c.h.i.p.impl.PartitionStateManager       : [127.0.0.1]:15700 [dev] [3.9.4] Initializing cluster partition table arrangement...
2020-03-11 09:57:02.376  INFO 8728 --- [restartedMain] com.netflix.discovery.DiscoveryClient    : Saw local status change event StatusChangeEvent [timestamp=1583913422376, current=UP, previous=STARTING]
2020-03-11 09:57:02.378  INFO 8728 --- [DiscoveryClient-InstanceInfoReplicator-0] com.netflix.discovery.DiscoveryClient    : DiscoveryClient_UAA/uaa:f7edcdbdd7fb8abda1826fab861edf32: registering service...
2020-03-11 09:57:02.519  INFO 8728 --- [DiscoveryClient-InstanceInfoReplicator-0] com.netflix.discovery.DiscoveryClient    : DiscoveryClient_UAA/uaa:f7edcdbdd7fb8abda1826fab861edf32 - registration status: 204
2020-03-11 09:57:02.927  INFO 8728 --- [restartedMain] com.isoft.jhipster.uaa.UaaApp            : Started UaaApp in 53.498 seconds (JVM running for 60.339)
2020-03-11 09:57:02.942  INFO 8728 --- [restartedMain] com.isoft.jhipster.uaa.UaaApp            : 
----------------------------------------------------------
	Application 'uaa' is running! Access URLs:
	Local: 		http://localhost:9999/
	External: 	http://192.168.1.73:9999/
	Profile(s): 	[dev, swagger]
----------------------------------------------------------
2020-03-11 09:57:02.943  INFO 8728 --- [restartedMain] com.isoft.jhipster.uaa.UaaApp            : 
----------------------------------------------------------
	Config Server: 	Connected to the JHipster Registry config server!
----------------------------------------------------------
2020-03-11 09:57:04.029  INFO 8728 --- [hz.uaa.HealthMonitor] c.h.internal.diagnostics.HealthMonitor   : [127.0.0.1]:15700 [dev] [3.9.4] processors=4, physical.memory.total=15.9G, physical.memory.free=3.4G, swap.space.total=26.7G, swap.space.free=9.6G, heap.memory.used=390.5M, heap.memory.free=1.1G, heap.memory.total=1.4G, heap.memory.max=3.5G, heap.memory.used/total=26.64%, heap.memory.used/max=10.79%, minor.gc.count=14, minor.gc.time=481ms, major.gc.count=3, major.gc.time=541ms, load.process=26.54%, load.system=76.61%, load.systemAverage=n/a thread.count=65, thread.peakCount=65, cluster.timeDiff=0, event.q.size=0, executor.q.async.size=0, executor.q.client.size=0, executor.q.query.size=0, executor.q.scheduled.size=0, executor.q.io.size=0, executor.q.system.size=0, executor.q.operations.size=0, executor.q.priorityOperation.size=0, operations.completed.count=1, executor.q.mapLoad.size=0, executor.q.mapLoadAllKeys.size=0, executor.q.cluster.size=0, executor.q.response.size=0, operations.running.count=0, operations.pending.invocations.percentage=0.00%, operations.pending.invocations.count=0, proxy.count=0, clientEndpoint.count=0, connection.active.count=0, client.connection.count=0, connection.count=0
2020-03-11 10:01:40.000  INFO 8728 --- [AsyncResolver-bootstrap-executor-0] c.n.d.s.r.aws.ConfigClusterResolver      : Resolving eureka endpoints via configuration
2020-03-11 10:06:39.994  INFO 8728 --- [AsyncResolver-bootstrap-executor-0] c.n.d.s.r.aws.ConfigClusterResolver      : Resolving eureka endpoints via configuration
2020-03-11 10:09:31.647 DEBUG 8728 --- [XNIO-2 task-1] c.i.j.u.s.DomainUserDetailsService       : Authenticating admin
2020-03-11 10:09:32.267 DEBUG 8728 --- [XNIO-2 task-1] c.i.j.uaa.aop.logging.LoggingAspect      : Enter: com.isoft.jhipster.uaa.repository.CustomAuditEventRepository.add() with argument[s] = [AuditEvent [timestamp=2020-03-11T08:09:32.261Z, principal=admin, type=AUTHENTICATION_SUCCESS, data={details={grant_type=password, username=admin}}]]
2020-03-11 10:09:32.336 DEBUG 8728 --- [XNIO-2 task-1] c.i.j.uaa.aop.logging.LoggingAspect      : Exit: com.isoft.jhipster.uaa.repository.CustomAuditEventRepository.add() with result = null
2020-03-11 10:09:33.633 DEBUG 8728 --- [XNIO-2 task-3] c.i.j.uaa.aop.logging.LoggingAspect      : Enter: com.isoft.jhipster.uaa.repository.CustomAuditEventRepository.add() with argument[s] = [AuditEvent [timestamp=2020-03-11T08:09:33.633Z, principal=admin, type=AUTHENTICATION_SUCCESS, data={details=remoteAddress=192.168.1.73, tokenType=BearertokenValue=<TOKEN>}]]
2020-03-11 10:09:33.637 DEBUG 8728 --- [XNIO-2 task-3] c.i.j.uaa.aop.logging.LoggingAspect      : Exit: com.isoft.jhipster.uaa.repository.CustomAuditEventRepository.add() with result = null
2020-03-11 10:09:33.646 DEBUG 8728 --- [XNIO-2 task-3] c.i.j.uaa.aop.logging.LoggingAspect      : Enter: com.isoft.jhipster.uaa.web.rest.AccountResource.getAccount() with argument[s] = []
2020-03-11 10:09:33.657 DEBUG 8728 --- [XNIO-2 task-3] c.i.j.uaa.aop.logging.LoggingAspect      : Enter: com.isoft.jhipster.uaa.service.UserService.getUserWithAuthorities() with argument[s] = []
2020-03-11 10:09:33.673 DEBUG 8728 --- [XNIO-2 task-3] c.i.j.uaa.aop.logging.LoggingAspect      : Exit: com.isoft.jhipster.uaa.service.UserService.getUserWithAuthorities() with result = Optional[User{login='admin', firstName='Administrator', lastName='Administrator', email='admin@localhost', imageUrl='', activated='true', langKey='en', activationKey='null'}]
2020-03-11 10:09:33.674 DEBUG 8728 --- [XNIO-2 task-3] c.i.j.uaa.aop.logging.LoggingAspect      : Exit: com.isoft.jhipster.uaa.web.rest.AccountResource.getAccount() with result = UserDTO{login='admin', firstName='Administrator', lastName='Administrator', email='admin@localhost', imageUrl='', activated=true, langKey='en', createdBy=system, createdDate=2020-03-11T07:56:45.406Z, lastModifiedBy='system', lastModifiedDate=null, authorities=[ROLE_USER, ROLE_ADMIN]}
2020-03-11 10:11:39.992  INFO 8728 --- [AsyncResolver-bootstrap-executor-0] c.n.d.s.r.aws.ConfigClusterResolver      : Resolving eureka endpoints via configuration
